<?xml version="1.0" encoding="UTF-8"?>
<testsuite xmlns:xsi="http://www.w3.org/2001/XMLSchema-instance" xsi:noNamespaceSchemaLocation="https://maven.apache.org/surefire/maven-surefire-plugin/xsd/surefire-test-report.xsd" name="com.example.demo005.Demo005ApplicationTests" time="3.347" tests="1" errors="0" skipped="0" failures="0">
  <properties>
    <property name="sun.desktop" value="windows"/>
    <property name="awt.toolkit" value="sun.awt.windows.WToolkit"/>
    <property name="file.encoding.pkg" value="sun.io"/>
    <property name="java.specification.version" value="1.8"/>
    <property name="sun.cpu.isalist" value="amd64"/>
    <property name="sun.jnu.encoding" value="GBK"/>
    <property name="java.class.path" value="E:\SpringBoot\相关文件\demo005\target\test-classes;E:\SpringBoot\相关文件\demo005\target\classes;E:\SpringBoot\repository\joda-time\joda-time\2.3\joda-time-2.3.jar;E:\SpringBoot\repository\org\apache\commons\commons-lang3\3.7\commons-lang3-3.7.jar;E:\SpringBoot\repository\com\alibaba\druid-spring-boot-starter\1.1.10\druid-spring-boot-starter-1.1.10.jar;E:\SpringBoot\repository\com\alibaba\druid\1.1.10\druid-1.1.10.jar;E:\SpringBoot\repository\org\slf4j\slf4j-api\1.7.36\slf4j-api-1.7.36.jar;E:\SpringBoot\repository\org\springframework\boot\spring-boot-autoconfigure\2.7.9\spring-boot-autoconfigure-2.7.9.jar;E:\SpringBoot\repository\org\mybatis\spring\boot\mybatis-spring-boot-starter\2.1.2\mybatis-spring-boot-starter-2.1.2.jar;E:\SpringBoot\repository\org\springframework\boot\spring-boot-starter\2.7.9\spring-boot-starter-2.7.9.jar;E:\SpringBoot\repository\org\springframework\boot\spring-boot-starter-logging\2.7.9\spring-boot-starter-logging-2.7.9.jar;E:\SpringBoot\repository\ch\qos\logback\logback-classic\1.2.11\logback-classic-1.2.11.jar;E:\SpringBoot\repository\ch\qos\logback\logback-core\1.2.11\logback-core-1.2.11.jar;E:\SpringBoot\repository\org\apache\logging\log4j\log4j-to-slf4j\2.17.2\log4j-to-slf4j-2.17.2.jar;E:\SpringBoot\repository\org\apache\logging\log4j\log4j-api\2.17.2\log4j-api-2.17.2.jar;E:\SpringBoot\repository\org\slf4j\jul-to-slf4j\1.7.36\jul-to-slf4j-1.7.36.jar;E:\SpringBoot\repository\jakarta\annotation\jakarta.annotation-api\1.3.5\jakarta.annotation-api-1.3.5.jar;E:\SpringBoot\repository\org\yaml\snakeyaml\1.30\snakeyaml-1.30.jar;E:\SpringBoot\repository\org\mybatis\spring\boot\mybatis-spring-boot-autoconfigure\2.1.2\mybatis-spring-boot-autoconfigure-2.1.2.jar;E:\SpringBoot\repository\org\mybatis\mybatis\3.5.4\mybatis-3.5.4.jar;E:\SpringBoot\repository\org\mybatis\mybatis-spring\2.0.4\mybatis-spring-2.0.4.jar;E:\SpringBoot\repository\org\springframework\boot\spring-boot-starter-thymeleaf\2.7.9\spring-boot-starter-thymeleaf-2.7.9.jar;E:\SpringBoot\repository\org\thymeleaf\thymeleaf-spring5\3.0.15.RELEASE\thymeleaf-spring5-3.0.15.RELEASE.jar;E:\SpringBoot\repository\org\thymeleaf\thymeleaf\3.0.15.RELEASE\thymeleaf-3.0.15.RELEASE.jar;E:\SpringBoot\repository\org\attoparser\attoparser\2.0.5.RELEASE\attoparser-2.0.5.RELEASE.jar;E:\SpringBoot\repository\org\unbescape\unbescape\1.1.6.RELEASE\unbescape-1.1.6.RELEASE.jar;E:\SpringBoot\repository\org\thymeleaf\extras\thymeleaf-extras-java8time\3.0.4.RELEASE\thymeleaf-extras-java8time-3.0.4.RELEASE.jar;E:\SpringBoot\repository\org\springframework\boot\spring-boot-starter-data-jdbc\2.7.9\spring-boot-starter-data-jdbc-2.7.9.jar;E:\SpringBoot\repository\org\springframework\data\spring-data-jdbc\2.4.8\spring-data-jdbc-2.4.8.jar;E:\SpringBoot\repository\org\springframework\data\spring-data-relational\2.4.8\spring-data-relational-2.4.8.jar;E:\SpringBoot\repository\org\springframework\data\spring-data-commons\2.7.8\spring-data-commons-2.7.8.jar;E:\SpringBoot\repository\org\springframework\spring-tx\5.3.25\spring-tx-5.3.25.jar;E:\SpringBoot\repository\org\springframework\spring-context\5.3.25\spring-context-5.3.25.jar;E:\SpringBoot\repository\org\springframework\spring-beans\5.3.25\spring-beans-5.3.25.jar;E:\SpringBoot\repository\org\springframework\boot\spring-boot-starter-jdbc\2.7.9\spring-boot-starter-jdbc-2.7.9.jar;E:\SpringBoot\repository\com\zaxxer\HikariCP\4.0.3\HikariCP-4.0.3.jar;E:\SpringBoot\repository\org\springframework\spring-jdbc\5.3.25\spring-jdbc-5.3.25.jar;E:\SpringBoot\repository\org\springframework\boot\spring-boot-starter-web\2.7.9\spring-boot-starter-web-2.7.9.jar;E:\SpringBoot\repository\org\springframework\boot\spring-boot-starter-json\2.7.9\spring-boot-starter-json-2.7.9.jar;E:\SpringBoot\repository\com\fasterxml\jackson\core\jackson-databind\2.13.5\jackson-databind-2.13.5.jar;E:\SpringBoot\repository\com\fasterxml\jackson\core\jackson-annotations\2.13.5\jackson-annotations-2.13.5.jar;E:\SpringBoot\repository\com\fasterxml\jackson\core\jackson-core\2.13.5\jackson-core-2.13.5.jar;E:\SpringBoot\repository\com\fasterxml\jackson\datatype\jackson-datatype-jdk8\2.13.5\jackson-datatype-jdk8-2.13.5.jar;E:\SpringBoot\repository\com\fasterxml\jackson\datatype\jackson-datatype-jsr310\2.13.5\jackson-datatype-jsr310-2.13.5.jar;E:\SpringBoot\repository\com\fasterxml\jackson\module\jackson-module-parameter-names\2.13.5\jackson-module-parameter-names-2.13.5.jar;E:\SpringBoot\repository\org\springframework\boot\spring-boot-starter-tomcat\2.7.9\spring-boot-starter-tomcat-2.7.9.jar;E:\SpringBoot\repository\org\apache\tomcat\embed\tomcat-embed-core\9.0.71\tomcat-embed-core-9.0.71.jar;E:\SpringBoot\repository\org\apache\tomcat\embed\tomcat-embed-el\9.0.71\tomcat-embed-el-9.0.71.jar;E:\SpringBoot\repository\org\apache\tomcat\embed\tomcat-embed-websocket\9.0.71\tomcat-embed-websocket-9.0.71.jar;E:\SpringBoot\repository\org\springframework\spring-web\5.3.25\spring-web-5.3.25.jar;E:\SpringBoot\repository\org\springframework\spring-webmvc\5.3.25\spring-webmvc-5.3.25.jar;E:\SpringBoot\repository\org\springframework\spring-aop\5.3.25\spring-aop-5.3.25.jar;E:\SpringBoot\repository\org\springframework\spring-expression\5.3.25\spring-expression-5.3.25.jar;E:\SpringBoot\repository\org\springframework\boot\spring-boot-devtools\2.7.9\spring-boot-devtools-2.7.9.jar;E:\SpringBoot\repository\org\springframework\boot\spring-boot\2.7.9\spring-boot-2.7.9.jar;E:\SpringBoot\repository\com\mysql\mysql-connector-j\8.0.32\mysql-connector-j-8.0.32.jar;E:\SpringBoot\repository\org\springframework\boot\spring-boot-configuration-processor\2.7.9\spring-boot-configuration-processor-2.7.9.jar;E:\SpringBoot\repository\org\projectlombok\lombok\1.18.26\lombok-1.18.26.jar;E:\SpringBoot\repository\org\springframework\boot\spring-boot-starter-test\2.7.9\spring-boot-starter-test-2.7.9.jar;E:\SpringBoot\repository\org\springframework\boot\spring-boot-test\2.7.9\spring-boot-test-2.7.9.jar;E:\SpringBoot\repository\org\springframework\boot\spring-boot-test-autoconfigure\2.7.9\spring-boot-test-autoconfigure-2.7.9.jar;E:\SpringBoot\repository\com\jayway\jsonpath\json-path\2.7.0\json-path-2.7.0.jar;E:\SpringBoot\repository\net\minidev\json-smart\2.4.8\json-smart-2.4.8.jar;E:\SpringBoot\repository\net\minidev\accessors-smart\2.4.8\accessors-smart-2.4.8.jar;E:\SpringBoot\repository\org\ow2\asm\asm\9.1\asm-9.1.jar;E:\SpringBoot\repository\jakarta\xml\bind\jakarta.xml.bind-api\2.3.3\jakarta.xml.bind-api-2.3.3.jar;E:\SpringBoot\repository\jakarta\activation\jakarta.activation-api\1.2.2\jakarta.activation-api-1.2.2.jar;E:\SpringBoot\repository\org\assertj\assertj-core\3.22.0\assertj-core-3.22.0.jar;E:\SpringBoot\repository\org\hamcrest\hamcrest\2.2\hamcrest-2.2.jar;E:\SpringBoot\repository\org\junit\jupiter\junit-jupiter\5.8.2\junit-jupiter-5.8.2.jar;E:\SpringBoot\repository\org\junit\jupiter\junit-jupiter-api\5.8.2\junit-jupiter-api-5.8.2.jar;E:\SpringBoot\repository\org\opentest4j\opentest4j\1.2.0\opentest4j-1.2.0.jar;E:\SpringBoot\repository\org\junit\platform\junit-platform-commons\1.8.2\junit-platform-commons-1.8.2.jar;E:\SpringBoot\repository\org\apiguardian\apiguardian-api\1.1.2\apiguardian-api-1.1.2.jar;E:\SpringBoot\repository\org\junit\jupiter\junit-jupiter-params\5.8.2\junit-jupiter-params-5.8.2.jar;E:\SpringBoot\repository\org\junit\jupiter\junit-jupiter-engine\5.8.2\junit-jupiter-engine-5.8.2.jar;E:\SpringBoot\repository\org\junit\platform\junit-platform-engine\1.8.2\junit-platform-engine-1.8.2.jar;E:\SpringBoot\repository\org\mockito\mockito-core\4.5.1\mockito-core-4.5.1.jar;E:\SpringBoot\repository\net\bytebuddy\byte-buddy\1.12.23\byte-buddy-1.12.23.jar;E:\SpringBoot\repository\net\bytebuddy\byte-buddy-agent\1.12.23\byte-buddy-agent-1.12.23.jar;E:\SpringBoot\repository\org\objenesis\objenesis\3.2\objenesis-3.2.jar;E:\SpringBoot\repository\org\mockito\mockito-junit-jupiter\4.5.1\mockito-junit-jupiter-4.5.1.jar;E:\SpringBoot\repository\org\skyscreamer\jsonassert\1.5.1\jsonassert-1.5.1.jar;E:\SpringBoot\repository\com\vaadin\external\google\android-json\0.0.20131108.vaadin1\android-json-0.0.20131108.vaadin1.jar;E:\SpringBoot\repository\org\springframework\spring-core\5.3.25\spring-core-5.3.25.jar;E:\SpringBoot\repository\org\springframework\spring-jcl\5.3.25\spring-jcl-5.3.25.jar;E:\SpringBoot\repository\org\springframework\spring-test\5.3.25\spring-test-5.3.25.jar;E:\SpringBoot\repository\org\xmlunit\xmlunit-core\2.9.1\xmlunit-core-2.9.1.jar;"/>
    <property name="java.vm.vendor" value="Oracle Corporation"/>
    <property name="sun.arch.data.model" value="64"/>
    <property name="user.variant" value=""/>
    <property name="java.vendor.url" value="http://java.oracle.com/"/>
    <property name="user.timezone" value="Asia/Shanghai"/>
    <property name="java.vm.specification.version" value="1.8"/>
    <property name="os.name" value="Windows 10"/>
    <property name="user.country" value="CN"/>
    <property name="sun.java.launcher" value="SUN_STANDARD"/>
    <property name="sun.boot.library.path" value="C:\Program Files\Java\jdk1.8.0_281\jre\bin"/>
    <property name="sun.java.command" value="C:\Users\Lenovo\AppData\Local\Temp\surefire6961177239447365384\surefirebooter8020204640723560850.jar C:\Users\Lenovo\AppData\Local\Temp\surefire6961177239447365384 2023-05-05T17-27-53_581-jvmRun1 surefire7834973559085415152tmp surefire_02401230491934786273tmp"/>
    <property name="surefire.test.class.path" value="E:\SpringBoot\相关文件\demo005\target\test-classes;E:\SpringBoot\相关文件\demo005\target\classes;E:\SpringBoot\repository\joda-time\joda-time\2.3\joda-time-2.3.jar;E:\SpringBoot\repository\org\apache\commons\commons-lang3\3.7\commons-lang3-3.7.jar;E:\SpringBoot\repository\com\alibaba\druid-spring-boot-starter\1.1.10\druid-spring-boot-starter-1.1.10.jar;E:\SpringBoot\repository\com\alibaba\druid\1.1.10\druid-1.1.10.jar;E:\SpringBoot\repository\org\slf4j\slf4j-api\1.7.36\slf4j-api-1.7.36.jar;E:\SpringBoot\repository\org\springframework\boot\spring-boot-autoconfigure\2.7.9\spring-boot-autoconfigure-2.7.9.jar;E:\SpringBoot\repository\org\mybatis\spring\boot\mybatis-spring-boot-starter\2.1.2\mybatis-spring-boot-starter-2.1.2.jar;E:\SpringBoot\repository\org\springframework\boot\spring-boot-starter\2.7.9\spring-boot-starter-2.7.9.jar;E:\SpringBoot\repository\org\springframework\boot\spring-boot-starter-logging\2.7.9\spring-boot-starter-logging-2.7.9.jar;E:\SpringBoot\repository\ch\qos\logback\logback-classic\1.2.11\logback-classic-1.2.11.jar;E:\SpringBoot\repository\ch\qos\logback\logback-core\1.2.11\logback-core-1.2.11.jar;E:\SpringBoot\repository\org\apache\logging\log4j\log4j-to-slf4j\2.17.2\log4j-to-slf4j-2.17.2.jar;E:\SpringBoot\repository\org\apache\logging\log4j\log4j-api\2.17.2\log4j-api-2.17.2.jar;E:\SpringBoot\repository\org\slf4j\jul-to-slf4j\1.7.36\jul-to-slf4j-1.7.36.jar;E:\SpringBoot\repository\jakarta\annotation\jakarta.annotation-api\1.3.5\jakarta.annotation-api-1.3.5.jar;E:\SpringBoot\repository\org\yaml\snakeyaml\1.30\snakeyaml-1.30.jar;E:\SpringBoot\repository\org\mybatis\spring\boot\mybatis-spring-boot-autoconfigure\2.1.2\mybatis-spring-boot-autoconfigure-2.1.2.jar;E:\SpringBoot\repository\org\mybatis\mybatis\3.5.4\mybatis-3.5.4.jar;E:\SpringBoot\repository\org\mybatis\mybatis-spring\2.0.4\mybatis-spring-2.0.4.jar;E:\SpringBoot\repository\org\springframework\boot\spring-boot-starter-thymeleaf\2.7.9\spring-boot-starter-thymeleaf-2.7.9.jar;E:\SpringBoot\repository\org\thymeleaf\thymeleaf-spring5\3.0.15.RELEASE\thymeleaf-spring5-3.0.15.RELEASE.jar;E:\SpringBoot\repository\org\thymeleaf\thymeleaf\3.0.15.RELEASE\thymeleaf-3.0.15.RELEASE.jar;E:\SpringBoot\repository\org\attoparser\attoparser\2.0.5.RELEASE\attoparser-2.0.5.RELEASE.jar;E:\SpringBoot\repository\org\unbescape\unbescape\1.1.6.RELEASE\unbescape-1.1.6.RELEASE.jar;E:\SpringBoot\repository\org\thymeleaf\extras\thymeleaf-extras-java8time\3.0.4.RELEASE\thymeleaf-extras-java8time-3.0.4.RELEASE.jar;E:\SpringBoot\repository\org\springframework\boot\spring-boot-starter-data-jdbc\2.7.9\spring-boot-starter-data-jdbc-2.7.9.jar;E:\SpringBoot\repository\org\springframework\data\spring-data-jdbc\2.4.8\spring-data-jdbc-2.4.8.jar;E:\SpringBoot\repository\org\springframework\data\spring-data-relational\2.4.8\spring-data-relational-2.4.8.jar;E:\SpringBoot\repository\org\springframework\data\spring-data-commons\2.7.8\spring-data-commons-2.7.8.jar;E:\SpringBoot\repository\org\springframework\spring-tx\5.3.25\spring-tx-5.3.25.jar;E:\SpringBoot\repository\org\springframework\spring-context\5.3.25\spring-context-5.3.25.jar;E:\SpringBoot\repository\org\springframework\spring-beans\5.3.25\spring-beans-5.3.25.jar;E:\SpringBoot\repository\org\springframework\boot\spring-boot-starter-jdbc\2.7.9\spring-boot-starter-jdbc-2.7.9.jar;E:\SpringBoot\repository\com\zaxxer\HikariCP\4.0.3\HikariCP-4.0.3.jar;E:\SpringBoot\repository\org\springframework\spring-jdbc\5.3.25\spring-jdbc-5.3.25.jar;E:\SpringBoot\repository\org\springframework\boot\spring-boot-starter-web\2.7.9\spring-boot-starter-web-2.7.9.jar;E:\SpringBoot\repository\org\springframework\boot\spring-boot-starter-json\2.7.9\spring-boot-starter-json-2.7.9.jar;E:\SpringBoot\repository\com\fasterxml\jackson\core\jackson-databind\2.13.5\jackson-databind-2.13.5.jar;E:\SpringBoot\repository\com\fasterxml\jackson\core\jackson-annotations\2.13.5\jackson-annotations-2.13.5.jar;E:\SpringBoot\repository\com\fasterxml\jackson\core\jackson-core\2.13.5\jackson-core-2.13.5.jar;E:\SpringBoot\repository\com\fasterxml\jackson\datatype\jackson-datatype-jdk8\2.13.5\jackson-datatype-jdk8-2.13.5.jar;E:\SpringBoot\repository\com\fasterxml\jackson\datatype\jackson-datatype-jsr310\2.13.5\jackson-datatype-jsr310-2.13.5.jar;E:\SpringBoot\repository\com\fasterxml\jackson\module\jackson-module-parameter-names\2.13.5\jackson-module-parameter-names-2.13.5.jar;E:\SpringBoot\repository\org\springframework\boot\spring-boot-starter-tomcat\2.7.9\spring-boot-starter-tomcat-2.7.9.jar;E:\SpringBoot\repository\org\apache\tomcat\embed\tomcat-embed-core\9.0.71\tomcat-embed-core-9.0.71.jar;E:\SpringBoot\repository\org\apache\tomcat\embed\tomcat-embed-el\9.0.71\tomcat-embed-el-9.0.71.jar;E:\SpringBoot\repository\org\apache\tomcat\embed\tomcat-embed-websocket\9.0.71\tomcat-embed-websocket-9.0.71.jar;E:\SpringBoot\repository\org\springframework\spring-web\5.3.25\spring-web-5.3.25.jar;E:\SpringBoot\repository\org\springframework\spring-webmvc\5.3.25\spring-webmvc-5.3.25.jar;E:\SpringBoot\repository\org\springframework\spring-aop\5.3.25\spring-aop-5.3.25.jar;E:\SpringBoot\repository\org\springframework\spring-expression\5.3.25\spring-expression-5.3.25.jar;E:\SpringBoot\repository\org\springframework\boot\spring-boot-devtools\2.7.9\spring-boot-devtools-2.7.9.jar;E:\SpringBoot\repository\org\springframework\boot\spring-boot\2.7.9\spring-boot-2.7.9.jar;E:\SpringBoot\repository\com\mysql\mysql-connector-j\8.0.32\mysql-connector-j-8.0.32.jar;E:\SpringBoot\repository\org\springframework\boot\spring-boot-configuration-processor\2.7.9\spring-boot-configuration-processor-2.7.9.jar;E:\SpringBoot\repository\org\projectlombok\lombok\1.18.26\lombok-1.18.26.jar;E:\SpringBoot\repository\org\springframework\boot\spring-boot-starter-test\2.7.9\spring-boot-starter-test-2.7.9.jar;E:\SpringBoot\repository\org\springframework\boot\spring-boot-test\2.7.9\spring-boot-test-2.7.9.jar;E:\SpringBoot\repository\org\springframework\boot\spring-boot-test-autoconfigure\2.7.9\spring-boot-test-autoconfigure-2.7.9.jar;E:\SpringBoot\repository\com\jayway\jsonpath\json-path\2.7.0\json-path-2.7.0.jar;E:\SpringBoot\repository\net\minidev\json-smart\2.4.8\json-smart-2.4.8.jar;E:\SpringBoot\repository\net\minidev\accessors-smart\2.4.8\accessors-smart-2.4.8.jar;E:\SpringBoot\repository\org\ow2\asm\asm\9.1\asm-9.1.jar;E:\SpringBoot\repository\jakarta\xml\bind\jakarta.xml.bind-api\2.3.3\jakarta.xml.bind-api-2.3.3.jar;E:\SpringBoot\repository\jakarta\activation\jakarta.activation-api\1.2.2\jakarta.activation-api-1.2.2.jar;E:\SpringBoot\repository\org\assertj\assertj-core\3.22.0\assertj-core-3.22.0.jar;E:\SpringBoot\repository\org\hamcrest\hamcrest\2.2\hamcrest-2.2.jar;E:\SpringBoot\repository\org\junit\jupiter\junit-jupiter\5.8.2\junit-jupiter-5.8.2.jar;E:\SpringBoot\repository\org\junit\jupiter\junit-jupiter-api\5.8.2\junit-jupiter-api-5.8.2.jar;E:\SpringBoot\repository\org\opentest4j\opentest4j\1.2.0\opentest4j-1.2.0.jar;E:\SpringBoot\repository\org\junit\platform\junit-platform-commons\1.8.2\junit-platform-commons-1.8.2.jar;E:\SpringBoot\repository\org\apiguardian\apiguardian-api\1.1.2\apiguardian-api-1.1.2.jar;E:\SpringBoot\repository\org\junit\jupiter\junit-jupiter-params\5.8.2\junit-jupiter-params-5.8.2.jar;E:\SpringBoot\repository\org\junit\jupiter\junit-jupiter-engine\5.8.2\junit-jupiter-engine-5.8.2.jar;E:\SpringBoot\repository\org\junit\platform\junit-platform-engine\1.8.2\junit-platform-engine-1.8.2.jar;E:\SpringBoot\repository\org\mockito\mockito-core\4.5.1\mockito-core-4.5.1.jar;E:\SpringBoot\repository\net\bytebuddy\byte-buddy\1.12.23\byte-buddy-1.12.23.jar;E:\SpringBoot\repository\net\bytebuddy\byte-buddy-agent\1.12.23\byte-buddy-agent-1.12.23.jar;E:\SpringBoot\repository\org\objenesis\objenesis\3.2\objenesis-3.2.jar;E:\SpringBoot\repository\org\mockito\mockito-junit-jupiter\4.5.1\mockito-junit-jupiter-4.5.1.jar;E:\SpringBoot\repository\org\skyscreamer\jsonassert\1.5.1\jsonassert-1.5.1.jar;E:\SpringBoot\repository\com\vaadin\external\google\android-json\0.0.20131108.vaadin1\android-json-0.0.20131108.vaadin1.jar;E:\SpringBoot\repository\org\springframework\spring-core\5.3.25\spring-core-5.3.25.jar;E:\SpringBoot\repository\org\springframework\spring-jcl\5.3.25\spring-jcl-5.3.25.jar;E:\SpringBoot\repository\org\springframework\spring-test\5.3.25\spring-test-5.3.25.jar;E:\SpringBoot\repository\org\xmlunit\xmlunit-core\2.9.1\xmlunit-core-2.9.1.jar;"/>
    <property name="sun.cpu.endian" value="little"/>
    <property name="user.home" value="C:\Users\Lenovo"/>
    <property name="user.language" value="zh"/>
    <property name="java.specification.vendor" value="Oracle Corporation"/>
    <property name="java.home" value="C:\Program Files\Java\jdk1.8.0_281\jre"/>
    <property name="basedir" value="E:\SpringBoot\相关文件\demo005"/>
    <property name="file.separator" value="\"/>
    <property name="line.separator" value="&#10;"/>
    <property name="java.vm.specification.vendor" value="Oracle Corporation"/>
    <property name="java.specification.name" value="Java Platform API Specification"/>
    <property name="java.awt.graphicsenv" value="sun.awt.Win32GraphicsEnvironment"/>
    <property name="surefire.real.class.path" value="C:\Users\Lenovo\AppData\Local\Temp\surefire6961177239447365384\surefirebooter8020204640723560850.jar"/>
    <property name="sun.boot.class.path" value="C:\Program Files\Java\jdk1.8.0_281\jre\lib\resources.jar;C:\Program Files\Java\jdk1.8.0_281\jre\lib\rt.jar;C:\Program Files\Java\jdk1.8.0_281\jre\lib\sunrsasign.jar;C:\Program Files\Java\jdk1.8.0_281\jre\lib\jsse.jar;C:\Program Files\Java\jdk1.8.0_281\jre\lib\jce.jar;C:\Program Files\Java\jdk1.8.0_281\jre\lib\charsets.jar;C:\Program Files\Java\jdk1.8.0_281\jre\lib\jfr.jar;C:\Program Files\Java\jdk1.8.0_281\jre\classes"/>
    <property name="user.script" value=""/>
    <property name="sun.management.compiler" value="HotSpot 64-Bit Tiered Compilers"/>
    <property name="java.runtime.version" value="1.8.0_281-b09"/>
    <property name="user.name" value="Lenovo"/>
    <property name="path.separator" value=";"/>
    <property name="os.version" value="10.0"/>
    <property name="java.endorsed.dirs" value="C:\Program Files\Java\jdk1.8.0_281\jre\lib\endorsed"/>
    <property name="java.runtime.name" value="Java(TM) SE Runtime Environment"/>
    <property name="file.encoding" value="GBK"/>
    <property name="java.vm.name" value="Java HotSpot(TM) 64-Bit Server VM"/>
    <property name="localRepository" value="E:\SpringBoot\repository"/>
    <property name="java.vendor.url.bug" value="http://bugreport.sun.com/bugreport/"/>
    <property name="java.io.tmpdir" value="C:\Users\Lenovo\AppData\Local\Temp\"/>
    <property name="idea.version" value="2022.3.1"/>
    <property name="java.version" value="1.8.0_281"/>
    <property name="user.dir" value="E:\SpringBoot\相关文件\demo005"/>
    <property name="os.arch" value="amd64"/>
    <property name="java.vm.specification.name" value="Java Virtual Machine Specification"/>
    <property name="java.awt.printerjob" value="sun.awt.windows.WPrinterJob"/>
    <property name="sun.os.patch.level" value=""/>
    <property name="java.library.path" value="C:\Program Files\Java\jdk1.8.0_281\jre\bin;C:\Windows\Sun\Java\bin;C:\Windows\system32;C:\Windows;C:\Program Files (x86)\Common Files\Oracle\Java\javapath;C:\Windows\system32;C:\Windows;C:\Windows\System32\Wbem;C:\Windows\System32\WindowsPowerShell\v1.0\;C:\Windows\System32\OpenSSH\;C:\Program Files (x86)\dotnet\;C:\Program Files\nodejs\;&quot;.;C:\Program Files\Java\jdk1.8.0_281\bin&quot;;C:\Users\Lenovo\AppData\Local\Microsoft\WindowsApps;;C:\Users\Lenovo\AppData\Local\Programs\Microsoft VS Code\bin;C:\Users\Lenovo\AppData\Roaming\npm;C:\Program Files\JetBrains\IntelliJ IDEA Community Edition 2022.3.2\bin;;."/>
    <property name="java.vm.info" value="mixed mode"/>
    <property name="java.vendor" value="Oracle Corporation"/>
    <property name="java.vm.version" value="25.281-b09"/>
    <property name="java.ext.dirs" value="C:\Program Files\Java\jdk1.8.0_281\jre\lib\ext;C:\Windows\Sun\Java\lib\ext"/>
    <property name="sun.io.unicode.encoding" value="UnicodeLittle"/>
    <property name="maven.repo.local" value="E:\SpringBoot\repository"/>
    <property name="java.class.version" value="52.0"/>
  </properties>
  <testcase name="contextLoads" classname="com.example.demo005.Demo005ApplicationTests" time="0.216"/>
</testsuite>